Performing C SOURCE FILE Test CMAKE_HAVE_LIBC_PTHREAD failed with the following output:
Change Dir: C:/pythonProject/lesson16-and-tests/vcpkg/buildtrees/sentencepiece/x64-windows-static-rel/CMakeFiles/CMakeScratch/TryCompile-8ucmxd

Run Build Command(s):C:/Program Files (x86)/Microsoft Visual Studio/2022/BuildTools/Common7/IDE/CommonExtensions/Microsoft/CMake/Ninja/ninja.exe cmTC_67350 && [1/2] Building C object CMakeFiles\cmTC_67350.dir\src.c.obj
FAILED: CMakeFiles/cmTC_67350.dir/src.c.obj 
C:\PROGRA~2\MICROS~3\2022\BUILDT~1\VC\Tools\MSVC\1435~1.322\bin\Hostx64\x64\cl.exe  /nologo -DCMAKE_HAVE_LIBC_PTHREAD  /nologo /DWIN32 /D_WINDOWS /W3 /utf-8 /MP   /MDd /Zi /Ob0 /Od /RTC1 /showIncludes /FoCMakeFiles\cmTC_67350.dir\src.c.obj /FdCMakeFiles\cmTC_67350.dir\ /FS -c C:\pythonProject\lesson16-and-tests\vcpkg\buildtrees\sentencepiece\x64-windows-static-rel\CMakeFiles\CMakeScratch\TryCompile-8ucmxd\src.c
C:\pythonProject\lesson16-and-tests\vcpkg\buildtrees\sentencepiece\x64-windows-static-rel\CMakeFiles\CMakeScratch\TryCompile-8ucmxd\src.c(1): fatal error C1083: Cannot open include file: 'pthread.h': No such file or directory
ninja: build stopped: subcommand failed.


Source file was:
#include <pthread.h>

static void* test_func(void* data)
{
  return data;
}

int main(void)
{
  pthread_t thread;
  pthread_create(&thread, NULL, test_func, NULL);
  pthread_detach(thread);
  pthread_cancel(thread);
  pthread_join(thread, NULL);
  pthread_atfork(NULL, NULL, NULL);
  pthread_exit(NULL);

  return 0;
}


Determining if the function pthread_create exists in the pthreads failed with the following output:
Change Dir: C:/pythonProject/lesson16-and-tests/vcpkg/buildtrees/sentencepiece/x64-windows-static-rel/CMakeFiles/CMakeScratch/TryCompile-rq8pah

Run Build Command(s):C:/Program Files (x86)/Microsoft Visual Studio/2022/BuildTools/Common7/IDE/CommonExtensions/Microsoft/CMake/Ninja/ninja.exe cmTC_44172 && [1/2] Building C object CMakeFiles\cmTC_44172.dir\CheckFunctionExists.c.obj
[2/2] Linking C executable cmTC_44172.exe
FAILED: cmTC_44172.exe 
cmd.exe /C "cd . && C:\pythonProject\lesson16-and-tests\vcpkg\downloads\tools\cmake-3.25.1-windows\cmake-3.25.1-windows-i386\bin\cmake.exe -E vs_link_exe --intdir=CMakeFiles\cmTC_44172.dir --rc=C:\PROGRA~2\WI3CF2~1\10\bin\100220~1.0\x64\rc.exe --mt=C:\PROGRA~2\WI3CF2~1\10\bin\100220~1.0\x64\mt.exe --manifests  -- C:\PROGRA~2\MICROS~3\2022\BUILDT~1\VC\Tools\MSVC\1435~1.322\bin\Hostx64\x64\link.exe /nologo CMakeFiles\cmTC_44172.dir\CheckFunctionExists.c.obj  /out:cmTC_44172.exe /implib:cmTC_44172.lib /pdb:cmTC_44172.pdb /version:0.0 /machine:x64  /debug /INCREMENTAL /subsystem:console  pthreads.lib  kernel32.lib user32.lib gdi32.lib winspool.lib shell32.lib ole32.lib oleaut32.lib uuid.lib comdlg32.lib advapi32.lib && cd ."
LINK Pass 1: command "C:\PROGRA~2\MICROS~3\2022\BUILDT~1\VC\Tools\MSVC\1435~1.322\bin\Hostx64\x64\link.exe /nologo CMakeFiles\cmTC_44172.dir\CheckFunctionExists.c.obj /out:cmTC_44172.exe /implib:cmTC_44172.lib /pdb:cmTC_44172.pdb /version:0.0 /machine:x64 /debug /INCREMENTAL /subsystem:console pthreads.lib kernel32.lib user32.lib gdi32.lib winspool.lib shell32.lib ole32.lib oleaut32.lib uuid.lib comdlg32.lib advapi32.lib /MANIFEST /MANIFESTFILE:CMakeFiles\cmTC_44172.dir/intermediate.manifest CMakeFiles\cmTC_44172.dir/manifest.res" failed (exit code 1104) with the following output:
LINK : fatal error LNK1104: cannot open file 'pthreads.lib'
ninja: build stopped: subcommand failed.



Determining if the function pthread_create exists in the pthread failed with the following output:
Change Dir: C:/pythonProject/lesson16-and-tests/vcpkg/buildtrees/sentencepiece/x64-windows-static-rel/CMakeFiles/CMakeScratch/TryCompile-aui3hy

Run Build Command(s):C:/Program Files (x86)/Microsoft Visual Studio/2022/BuildTools/Common7/IDE/CommonExtensions/Microsoft/CMake/Ninja/ninja.exe cmTC_bacc7 && [1/2] Building C object CMakeFiles\cmTC_bacc7.dir\CheckFunctionExists.c.obj
[2/2] Linking C executable cmTC_bacc7.exe
FAILED: cmTC_bacc7.exe 
cmd.exe /C "cd . && C:\pythonProject\lesson16-and-tests\vcpkg\downloads\tools\cmake-3.25.1-windows\cmake-3.25.1-windows-i386\bin\cmake.exe -E vs_link_exe --intdir=CMakeFiles\cmTC_bacc7.dir --rc=C:\PROGRA~2\WI3CF2~1\10\bin\100220~1.0\x64\rc.exe --mt=C:\PROGRA~2\WI3CF2~1\10\bin\100220~1.0\x64\mt.exe --manifests  -- C:\PROGRA~2\MICROS~3\2022\BUILDT~1\VC\Tools\MSVC\1435~1.322\bin\Hostx64\x64\link.exe /nologo CMakeFiles\cmTC_bacc7.dir\CheckFunctionExists.c.obj  /out:cmTC_bacc7.exe /implib:cmTC_bacc7.lib /pdb:cmTC_bacc7.pdb /version:0.0 /machine:x64  /debug /INCREMENTAL /subsystem:console  pthread.lib  kernel32.lib user32.lib gdi32.lib winspool.lib shell32.lib ole32.lib oleaut32.lib uuid.lib comdlg32.lib advapi32.lib && cd ."
LINK Pass 1: command "C:\PROGRA~2\MICROS~3\2022\BUILDT~1\VC\Tools\MSVC\1435~1.322\bin\Hostx64\x64\link.exe /nologo CMakeFiles\cmTC_bacc7.dir\CheckFunctionExists.c.obj /out:cmTC_bacc7.exe /implib:cmTC_bacc7.lib /pdb:cmTC_bacc7.pdb /version:0.0 /machine:x64 /debug /INCREMENTAL /subsystem:console pthread.lib kernel32.lib user32.lib gdi32.lib winspool.lib shell32.lib ole32.lib oleaut32.lib uuid.lib comdlg32.lib advapi32.lib /MANIFEST /MANIFESTFILE:CMakeFiles\cmTC_bacc7.dir/intermediate.manifest CMakeFiles\cmTC_bacc7.dir/manifest.res" failed (exit code 1104) with the following output:
LINK : fatal error LNK1104: cannot open file 'pthread.lib'
ninja: build stopped: subcommand failed.



